<?xml version="1.0" encoding="UTF-8"?>
<testsuite xmlns:xsi="http://www.w3.org/2001/XMLSchema-instance" xsi:noNamespaceSchemaLocation="https://maven.apache.org/surefire/maven-surefire-plugin/xsd/surefire-test-report-3.0.xsd" version="3.0" name="com.fractalcommunication.ConversationStateImplTest" time="0.003" tests="5" errors="0" skipped="0" failures="0">
  <properties>
    <property name="java.specification.version" value="23"/>
    <property name="sun.jnu.encoding" value="UTF-8"/>
    <property name="java.class.path" value="/Users/ryandavidoates/Documents/grok-mem/target/test-classes:/Users/ryandavidoates/Documents/grok-mem/target/classes:/Users/ryandavidoates/.m2/repository/com/fasterxml/jackson/core/jackson-databind/2.15.2/jackson-databind-2.15.2.jar:/Users/ryandavidoates/.m2/repository/com/fasterxml/jackson/core/jackson-annotations/2.15.2/jackson-annotations-2.15.2.jar:/Users/ryandavidoates/.m2/repository/com/fasterxml/jackson/core/jackson-core/2.15.2/jackson-core-2.15.2.jar:/Users/ryandavidoates/.m2/repository/com/theokanning/openai-gpt3-java/service/0.18.2/service-0.18.2.jar:/Users/ryandavidoates/.m2/repository/com/theokanning/openai-gpt3-java/client/0.18.2/client-0.18.2.jar:/Users/ryandavidoates/.m2/repository/com/theokanning/openai-gpt3-java/api/0.18.2/api-0.18.2.jar:/Users/ryandavidoates/.m2/repository/com/knuddels/jtokkit/0.5.1/jtokkit-0.5.1.jar:/Users/ryandavidoates/.m2/repository/com/squareup/retrofit2/retrofit/2.9.0/retrofit-2.9.0.jar:/Users/ryandavidoates/.m2/repository/com/squareup/okhttp3/okhttp/3.14.9/okhttp-3.14.9.jar:/Users/ryandavidoates/.m2/repository/com/squareup/okio/okio/1.17.2/okio-1.17.2.jar:/Users/ryandavidoates/.m2/repository/com/squareup/retrofit2/adapter-rxjava2/2.9.0/adapter-rxjava2-2.9.0.jar:/Users/ryandavidoates/.m2/repository/io/reactivex/rxjava2/rxjava/2.0.0/rxjava-2.0.0.jar:/Users/ryandavidoates/.m2/repository/org/reactivestreams/reactive-streams/1.0.3/reactive-streams-1.0.3.jar:/Users/ryandavidoates/.m2/repository/com/squareup/retrofit2/converter-jackson/2.9.0/converter-jackson-2.9.0.jar:/Users/ryandavidoates/.m2/repository/com/kjetland/mbknor-jackson-jsonschema_2.12/1.0.34/mbknor-jackson-jsonschema_2.12-1.0.34.jar:/Users/ryandavidoates/.m2/repository/org/scala-lang/scala-library/2.12.8/scala-library-2.12.8.jar:/Users/ryandavidoates/.m2/repository/javax/validation/validation-api/2.0.1.Final/validation-api-2.0.1.Final.jar:/Users/ryandavidoates/.m2/repository/org/slf4j/slf4j-api/1.7.26/slf4j-api-1.7.26.jar:/Users/ryandavidoates/.m2/repository/io/github/classgraph/classgraph/4.8.21/classgraph-4.8.21.jar:/Users/ryandavidoates/.m2/repository/org/junit/jupiter/junit-jupiter-api/5.10.0/junit-jupiter-api-5.10.0.jar:/Users/ryandavidoates/.m2/repository/org/opentest4j/opentest4j/1.3.0/opentest4j-1.3.0.jar:/Users/ryandavidoates/.m2/repository/org/junit/platform/junit-platform-commons/1.10.0/junit-platform-commons-1.10.0.jar:/Users/ryandavidoates/.m2/repository/org/apiguardian/apiguardian-api/1.1.2/apiguardian-api-1.1.2.jar:/Users/ryandavidoates/.m2/repository/org/junit/jupiter/junit-jupiter-engine/5.10.0/junit-jupiter-engine-5.10.0.jar:/Users/ryandavidoates/.m2/repository/org/junit/platform/junit-platform-engine/1.10.0/junit-platform-engine-1.10.0.jar:/Users/ryandavidoates/.m2/repository/org/mockito/mockito-core/5.8.0/mockito-core-5.8.0.jar:/Users/ryandavidoates/.m2/repository/net/bytebuddy/byte-buddy/1.14.10/byte-buddy-1.14.10.jar:/Users/ryandavidoates/.m2/repository/net/bytebuddy/byte-buddy-agent/1.14.10/byte-buddy-agent-1.14.10.jar:/Users/ryandavidoates/.m2/repository/org/objenesis/objenesis/3.3/objenesis-3.3.jar:/Users/ryandavidoates/.m2/repository/org/mockito/mockito-junit-jupiter/5.8.0/mockito-junit-jupiter-5.8.0.jar:"/>
    <property name="java.vm.vendor" value="Eclipse Adoptium"/>
    <property name="sun.arch.data.model" value="64"/>
    <property name="java.vendor.url" value="https://adoptium.net/"/>
    <property name="os.name" value="Mac OS X"/>
    <property name="java.vm.specification.version" value="23"/>
    <property name="sun.java.launcher" value="SUN_STANDARD"/>
    <property name="user.country" value="US"/>
    <property name="sun.boot.library.path" value="/Library/Java/JavaVirtualMachines/temurin-23.jdk/Contents/Home/lib"/>
    <property name="sun.java.command" value="/Users/ryandavidoates/Documents/grok-mem/target/surefire/surefirebooter-20250417024805275_3.jar /Users/ryandavidoates/Documents/grok-mem/target/surefire 2025-04-17T02-48-05_228-jvmRun1 surefire-20250417024805275_1tmp surefire_0-20250417024805275_2tmp"/>
    <property name="jdk.debug" value="release"/>
    <property name="surefire.test.class.path" value="/Users/ryandavidoates/Documents/grok-mem/target/test-classes:/Users/ryandavidoates/Documents/grok-mem/target/classes:/Users/ryandavidoates/.m2/repository/com/fasterxml/jackson/core/jackson-databind/2.15.2/jackson-databind-2.15.2.jar:/Users/ryandavidoates/.m2/repository/com/fasterxml/jackson/core/jackson-annotations/2.15.2/jackson-annotations-2.15.2.jar:/Users/ryandavidoates/.m2/repository/com/fasterxml/jackson/core/jackson-core/2.15.2/jackson-core-2.15.2.jar:/Users/ryandavidoates/.m2/repository/com/theokanning/openai-gpt3-java/service/0.18.2/service-0.18.2.jar:/Users/ryandavidoates/.m2/repository/com/theokanning/openai-gpt3-java/client/0.18.2/client-0.18.2.jar:/Users/ryandavidoates/.m2/repository/com/theokanning/openai-gpt3-java/api/0.18.2/api-0.18.2.jar:/Users/ryandavidoates/.m2/repository/com/knuddels/jtokkit/0.5.1/jtokkit-0.5.1.jar:/Users/ryandavidoates/.m2/repository/com/squareup/retrofit2/retrofit/2.9.0/retrofit-2.9.0.jar:/Users/ryandavidoates/.m2/repository/com/squareup/okhttp3/okhttp/3.14.9/okhttp-3.14.9.jar:/Users/ryandavidoates/.m2/repository/com/squareup/okio/okio/1.17.2/okio-1.17.2.jar:/Users/ryandavidoates/.m2/repository/com/squareup/retrofit2/adapter-rxjava2/2.9.0/adapter-rxjava2-2.9.0.jar:/Users/ryandavidoates/.m2/repository/io/reactivex/rxjava2/rxjava/2.0.0/rxjava-2.0.0.jar:/Users/ryandavidoates/.m2/repository/org/reactivestreams/reactive-streams/1.0.3/reactive-streams-1.0.3.jar:/Users/ryandavidoates/.m2/repository/com/squareup/retrofit2/converter-jackson/2.9.0/converter-jackson-2.9.0.jar:/Users/ryandavidoates/.m2/repository/com/kjetland/mbknor-jackson-jsonschema_2.12/1.0.34/mbknor-jackson-jsonschema_2.12-1.0.34.jar:/Users/ryandavidoates/.m2/repository/org/scala-lang/scala-library/2.12.8/scala-library-2.12.8.jar:/Users/ryandavidoates/.m2/repository/javax/validation/validation-api/2.0.1.Final/validation-api-2.0.1.Final.jar:/Users/ryandavidoates/.m2/repository/org/slf4j/slf4j-api/1.7.26/slf4j-api-1.7.26.jar:/Users/ryandavidoates/.m2/repository/io/github/classgraph/classgraph/4.8.21/classgraph-4.8.21.jar:/Users/ryandavidoates/.m2/repository/org/junit/jupiter/junit-jupiter-api/5.10.0/junit-jupiter-api-5.10.0.jar:/Users/ryandavidoates/.m2/repository/org/opentest4j/opentest4j/1.3.0/opentest4j-1.3.0.jar:/Users/ryandavidoates/.m2/repository/org/junit/platform/junit-platform-commons/1.10.0/junit-platform-commons-1.10.0.jar:/Users/ryandavidoates/.m2/repository/org/apiguardian/apiguardian-api/1.1.2/apiguardian-api-1.1.2.jar:/Users/ryandavidoates/.m2/repository/org/junit/jupiter/junit-jupiter-engine/5.10.0/junit-jupiter-engine-5.10.0.jar:/Users/ryandavidoates/.m2/repository/org/junit/platform/junit-platform-engine/1.10.0/junit-platform-engine-1.10.0.jar:/Users/ryandavidoates/.m2/repository/org/mockito/mockito-core/5.8.0/mockito-core-5.8.0.jar:/Users/ryandavidoates/.m2/repository/net/bytebuddy/byte-buddy/1.14.10/byte-buddy-1.14.10.jar:/Users/ryandavidoates/.m2/repository/net/bytebuddy/byte-buddy-agent/1.14.10/byte-buddy-agent-1.14.10.jar:/Users/ryandavidoates/.m2/repository/org/objenesis/objenesis/3.3/objenesis-3.3.jar:/Users/ryandavidoates/.m2/repository/org/mockito/mockito-junit-jupiter/5.8.0/mockito-junit-jupiter-5.8.0.jar:"/>
    <property name="sun.cpu.endian" value="little"/>
    <property name="user.home" value="/Users/ryandavidoates"/>
    <property name="user.language" value="en"/>
    <property name="java.specification.vendor" value="Oracle Corporation"/>
    <property name="java.version.date" value="2025-01-21"/>
    <property name="java.home" value="/Library/Java/JavaVirtualMachines/temurin-23.jdk/Contents/Home"/>
    <property name="file.separator" value="/"/>
    <property name="basedir" value="/Users/ryandavidoates/Documents/grok-mem"/>
    <property name="java.vm.compressedOopsMode" value="Zero based"/>
    <property name="line.separator" value="&#10;"/>
    <property name="java.vm.specification.vendor" value="Oracle Corporation"/>
    <property name="java.specification.name" value="Java Platform API Specification"/>
    <property name="apple.awt.application.name" value="ForkedBooter"/>
    <property name="surefire.real.class.path" value="/Users/ryandavidoates/Documents/grok-mem/target/surefire/surefirebooter-20250417024805275_3.jar"/>
    <property name="sun.management.compiler" value="HotSpot 64-Bit Tiered Compilers"/>
    <property name="java.runtime.version" value="23.0.2+7"/>
    <property name="user.name" value="ryandavidoates"/>
    <property name="stdout.encoding" value="UTF-8"/>
    <property name="path.separator" value=":"/>
    <property name="mockito.mockMaker" value="org.mockito.plugins.MockMaker"/>
    <property name="os.version" value="15.5"/>
    <property name="java.runtime.name" value="OpenJDK Runtime Environment"/>
    <property name="file.encoding" value="UTF-8"/>
    <property name="java.vm.name" value="OpenJDK 64-Bit Server VM"/>
    <property name="java.vendor.version" value="Temurin-23.0.2+7"/>
    <property name="localRepository" value="/Users/ryandavidoates/.m2/repository"/>
    <property name="java.vendor.url.bug" value="https://github.com/adoptium/adoptium-support/issues"/>
    <property name="java.io.tmpdir" value="/var/folders/tr/tclfyrh918v3s4c0v1b670pc0000gn/T/"/>
    <property name="java.version" value="23.0.2"/>
    <property name="user.dir" value="/Users/ryandavidoates/Documents/grok-mem"/>
    <property name="os.arch" value="aarch64"/>
    <property name="java.vm.specification.name" value="Java Virtual Machine Specification"/>
    <property name="native.encoding" value="UTF-8"/>
    <property name="java.library.path" value="/Users/ryandavidoates/Library/Java/Extensions:/Library/Java/Extensions:/Network/Library/Java/Extensions:/System/Library/Java/Extensions:/usr/lib/java:."/>
    <property name="java.vm.info" value="mixed mode, sharing"/>
    <property name="stderr.encoding" value="UTF-8"/>
    <property name="java.vendor" value="Eclipse Adoptium"/>
    <property name="java.vm.version" value="23.0.2+7"/>
    <property name="sun.io.unicode.encoding" value="UnicodeBig"/>
    <property name="java.class.version" value="67.0"/>
  </properties>
  <testcase name="testGetHistory" classname="com.fractalcommunication.ConversationStateImplTest" time="0.0"/>
  <testcase name="testGetContext" classname="com.fractalcommunication.ConversationStateImplTest" time="0.001"/>
  <testcase name="testUpdateHistory" classname="com.fractalcommunication.ConversationStateImplTest" time="0.001"/>
  <testcase name="testGetUserInput" classname="com.fractalcommunication.ConversationStateImplTest" time="0.001"/>
  <testcase name="testGetUserProfile" classname="com.fractalcommunication.ConversationStateImplTest" time="0.0"/>
</testsuite>